# JRE version: Java(TM) SE Runtime Environment (7.0_71-b14) (build 1.7.0_71-b14)
# Java VM: Java HotSpot(TM) Client VM (24.71-b01 mixed mode windows-x86 )
Heap
 par new generation   total 18432K, used 7938K [0x04000000, 0x05400000, 0x0eaa0000)
  eden space 16384K,  35% used [0x04000000, 0x045c0b60, 0x05000000)
  from space 2048K, 100% used [0x05200000, 0x05400000, 0x05400000)
  to   space 2048K,   0% used [0x05000000, 0x05000000, 0x05200000)
 concurrent mark-sweep generation total 51000K, used 30430K [0x0eaa0000, 0x11c6e000, 0x24000000)
 concurrent-mark-sweep perm gen total 62596K, used 41077K [0x24000000, 0x27d21000, 0x28000000)
GC Heap History (10 events):
Event: 145.527 GC heap before
{Heap before GC invocations=44 (full 16):
 par new generation   total 18432K, used 17687K [0x04000000, 0x05400000, 0x0eaa0000)
  eden space 16384K, 100% used [0x04000000, 0x05000000, 0x05000000)
  from space 2048K,  63% used [0x05000000, 0x05145d40, 0x05200000)
  to   space 2048K,   0% used [0x05200000, 0x05200000, 0x05400000)
 concurrent mark-sweep generation total 51000K, used 25953K [0x0eaa0000, 0x11c6e000, 0x24000000)
 concurrent-mark-sweep perm gen total 62596K, used 37937K [0x24000000, 0x27d21000, 0x28000000)
Event: 145.531 GC heap after
Heap after GC invocations=45 (full 16):
 par new generation   total 18432K, used 1232K [0x04000000, 0x05400000, 0x0eaa0000)
  eden space 16384K,   0% used [0x04000000, 0x04000000, 0x05000000)
  from space 2048K,  60% used [0x05200000, 0x053341e8, 0x05400000)
  to   space 2048K,   0% used [0x05000000, 0x05000000, 0x05200000)
 concurrent mark-sweep generation total 51000K, used 25953K [0x0eaa0000, 0x11c6e000, 0x24000000)
 concurrent-mark-sweep perm gen total 62596K, used 37937K [0x24000000, 0x27d21000, 0x28000000)
}
Event: 149.201 GC heap before
{Heap before GC invocations=45 (full 16):
 par new generation   total 18432K, used 17616K [0x04000000, 0x05400000, 0x0eaa0000)
  eden space 16384K, 100% used [0x04000000, 0x05000000, 0x05000000)
  from space 2048K,  60% used [0x05200000, 0x053341e8, 0x05400000)
  to   space 2048K,   0% used [0x05000000, 0x05000000, 0x05200000)
 concurrent mark-sweep generation total 51000K, used 25953K [0x0eaa0000, 0x11c6e000, 0x24000000)
 concurrent-mark-sweep perm gen total 62596K, used 37937K [0x24000000, 0x27d21000, 0x28000000)
Event: 149.205 GC heap after
Heap after GC invocations=46 (full 16):
 par new generation   total 18432K, used 1777K [0x04000000, 0x05400000, 0x0eaa0000)
  eden space 16384K,   0% used [0x04000000, 0x04000000, 0x05000000)
  from space 2048K,  86% used [0x05000000, 0x051bc408, 0x05200000)
  to   space 2048K,   0% used [0x05200000, 0x05200000, 0x05400000)
 concurrent mark-sweep generation total 51000K, used 25953K [0x0eaa0000, 0x11c6e000, 0x24000000)
 concurrent-mark-sweep perm gen total 62596K, used 37937K [0x24000000, 0x27d21000, 0x28000000)
}
Event: 151.282 GC heap before
{Heap before GC invocations=46 (full 16):
 par new generation   total 18432K, used 18161K [0x04000000, 0x05400000, 0x0eaa0000)
  eden space 16384K, 100% used [0x04000000, 0x05000000, 0x05000000)
  from space 2048K,  86% used [0x05000000, 0x051bc408, 0x05200000)
  to   space 2048K,   0% used [0x05200000, 0x05200000, 0x05400000)
 concurrent mark-sweep generation total 51000K, used 25953K [0x0eaa0000, 0x11c6e000, 0x24000000)
 concurrent-mark-sweep perm gen total 62596K, used 37937K [0x24000000, 0x27d21000, 0x28000000)
Event: 151.288 GC heap after
Heap after GC invocations=47 (full 16):
 par new generation   total 18432K, used 2048K [0x04000000, 0x05400000, 0x0eaa0000)
  eden space 16384K,   0% used [0x04000000, 0x04000000, 0x05000000)
  from space 2048K, 100% used [0x05200000, 0x05400000, 0x05400000)
  to   space 2048K,   0% used [0x05000000, 0x05000000, 0x05200000)
 concurrent mark-sweep generation total 51000K, used 26002K [0x0eaa0000, 0x11c6e000, 0x24000000)
 concurrent-mark-sweep perm gen total 62596K, used 37937K [0x24000000, 0x27d21000, 0x28000000)
}
Event: 153.365 GC heap before
{Heap before GC invocations=47 (full 16):
 par new generation   total 18432K, used 18432K [0x04000000, 0x05400000, 0x0eaa0000)
  eden space 16384K, 100% used [0x04000000, 0x05000000, 0x05000000)
  from space 2048K, 100% used [0x05200000, 0x05400000, 0x05400000)
  to   space 2048K,   0% used [0x05000000, 0x05000000, 0x05200000)
 concurrent mark-sweep generation total 51000K, used 26002K [0x0eaa0000, 0x11c6e000, 0x24000000)
 concurrent-mark-sweep perm gen total 62596K, used 37937K [0x24000000, 0x27d21000, 0x28000000)
Event: 153.371 GC heap after
Heap after GC invocations=48 (full 16):
 par new generation   total 18432K, used 2048K [0x04000000, 0x05400000, 0x0eaa0000)
  eden space 16384K,   0% used [0x04000000, 0x04000000, 0x05000000)
  from space 2048K, 100% used [0x05000000, 0x05200000, 0x05200000)
  to   space 2048K,   0% used [0x05200000, 0x05200000, 0x05400000)
 concurrent mark-sweep generation total 51000K, used 26256K [0x0eaa0000, 0x11c6e000, 0x24000000)
 concurrent-mark-sweep perm gen total 62596K, used 37937K [0x24000000, 0x27d21000, 0x28000000)
}
Event: 167.148 GC heap before
{Heap before GC invocations=48 (full 16):
 par new generation   total 18432K, used 18432K [0x04000000, 0x05400000, 0x0eaa0000)
  eden space 16384K, 100% used [0x04000000, 0x05000000, 0x05000000)
  from space 2048K, 100% used [0x05000000, 0x05200000, 0x05200000)
  to   space 2048K,   0% used [0x05200000, 0x05200000, 0x05400000)
 concurrent mark-sweep generation total 51000K, used 26256K [0x0eaa0000, 0x11c6e000, 0x24000000)
 concurrent-mark-sweep perm gen total 62596K, used 41026K [0x24000000, 0x27d21000, 0x28000000)
Event: 167.167 GC heap after
Heap after GC invocations=49 (full 16):
 par new generation   total 18432K, used 2048K [0x04000000, 0x05400000, 0x0eaa0000)
  eden space 16384K,   0% used [0x04000000, 0x04000000, 0x05000000)
  from space 2048K, 100% used [0x05200000, 0x05400000, 0x05400000)
  to   space 2048K,   0% used [0x05000000, 0x05000000, 0x05200000)
 concurrent mark-sweep generation total 51000K, used 30430K [0x0eaa0000, 0x11c6e000, 0x24000000)
 concurrent-mark-sweep perm gen total 62596K, used 41026K [0x24000000, 0x27d21000, 0x28000000)
}

