# JRE version: Java(TM) SE Runtime Environment (7.0_71-b14) (build 1.7.0_71-b14)
# Java VM: Java HotSpot(TM) Client VM (24.71-b01 mixed mode windows-x86 )
Heap
 par new generation   total 18432K, used 11912K [0x04c00000, 0x06000000, 0x0f6a0000)
  eden space 16384K,  61% used [0x04c00000, 0x055e54d0, 0x05c00000)
  from space 2048K,  86% used [0x05e00000, 0x05fbcbb8, 0x06000000)
  to   space 2048K,   0% used [0x05c00000, 0x05c00000, 0x05e00000)
 concurrent mark-sweep generation total 64644K, used 59576K [0x0f6a0000, 0x135c1000, 0x24c00000)
 concurrent-mark-sweep perm gen total 65536K, used 55928K [0x24c00000, 0x28c00000, 0x28c00000)
GC Heap History (10 events):
Event: 1475.761 GC heap before
{Heap before GC invocations=228 (full 16):
 par new generation   total 18432K, used 18432K [0x04c00000, 0x06000000, 0x0f6a0000)
  eden space 16384K, 100% used [0x04c00000, 0x05c00000, 0x05c00000)
  from space 2048K, 100% used [0x05c00000, 0x05e00000, 0x05e00000)
  to   space 2048K,   0% used [0x05e00000, 0x05e00000, 0x06000000)
 concurrent mark-sweep generation total 64644K, used 54119K [0x0f6a0000, 0x135c1000, 0x24c00000)
 concurrent-mark-sweep perm gen total 65536K, used 54953K [0x24c00000, 0x28c00000, 0x28c00000)
Event: 1475.764 GC heap after
Heap after GC invocations=229 (full 16):
 par new generation   total 18432K, used 2048K [0x04c00000, 0x06000000, 0x0f6a0000)
  eden space 16384K,   0% used [0x04c00000, 0x04c00000, 0x05c00000)
  from space 2048K, 100% used [0x05e00000, 0x06000000, 0x06000000)
  to   space 2048K,   0% used [0x05c00000, 0x05c00000, 0x05e00000)
 concurrent mark-sweep generation total 64644K, used 56426K [0x0f6a0000, 0x135c1000, 0x24c00000)
 concurrent-mark-sweep perm gen total 65536K, used 54953K [0x24c00000, 0x28c00000, 0x28c00000)
}
Event: 1476.095 GC heap before
{Heap before GC invocations=229 (full 16):
 par new generation   total 18432K, used 18432K [0x04c00000, 0x06000000, 0x0f6a0000)
  eden space 16384K, 100% used [0x04c00000, 0x05c00000, 0x05c00000)
  from space 2048K, 100% used [0x05e00000, 0x06000000, 0x06000000)
  to   space 2048K,   0% used [0x05c00000, 0x05c00000, 0x05e00000)
 concurrent mark-sweep generation total 64644K, used 56426K [0x0f6a0000, 0x135c1000, 0x24c00000)
 concurrent-mark-sweep perm gen total 65536K, used 55372K [0x24c00000, 0x28c00000, 0x28c00000)
Event: 1476.097 GC heap after
Heap after GC invocations=230 (full 16):
 par new generation   total 18432K, used 1280K [0x04c00000, 0x06000000, 0x0f6a0000)
  eden space 16384K,   0% used [0x04c00000, 0x04c00000, 0x05c00000)
  from space 2048K,  62% used [0x05c00000, 0x05d40030, 0x05e00000)
  to   space 2048K,   0% used [0x05e00000, 0x05e00000, 0x06000000)
 concurrent mark-sweep generation total 64644K, used 57098K [0x0f6a0000, 0x135c1000, 0x24c00000)
 concurrent-mark-sweep perm gen total 65536K, used 55372K [0x24c00000, 0x28c00000, 0x28c00000)
}
Event: 1478.153 GC heap before
{Heap before GC invocations=230 (full 16):
 par new generation   total 18432K, used 17664K [0x04c00000, 0x06000000, 0x0f6a0000)
  eden space 16384K, 100% used [0x04c00000, 0x05c00000, 0x05c00000)
  from space 2048K,  62% used [0x05c00000, 0x05d40030, 0x05e00000)
  to   space 2048K,   0% used [0x05e00000, 0x05e00000, 0x06000000)
 concurrent mark-sweep generation total 64644K, used 57098K [0x0f6a0000, 0x135c1000, 0x24c00000)
 concurrent-mark-sweep perm gen total 65536K, used 55491K [0x24c00000, 0x28c00000, 0x28c00000)
Event: 1478.154 GC heap after
Heap after GC invocations=231 (full 16):
 par new generation   total 18432K, used 1130K [0x04c00000, 0x06000000, 0x0f6a0000)
  eden space 16384K,   0% used [0x04c00000, 0x04c00000, 0x05c00000)
  from space 2048K,  55% used [0x05e00000, 0x05f1abc8, 0x06000000)
  to   space 2048K,   0% used [0x05c00000, 0x05c00000, 0x05e00000)
 concurrent mark-sweep generation total 64644K, used 57098K [0x0f6a0000, 0x135c1000, 0x24c00000)
 concurrent-mark-sweep perm gen total 65536K, used 55491K [0x24c00000, 0x28c00000, 0x28c00000)
}
Event: 1488.275 GC heap before
{Heap before GC invocations=231 (full 16):
 par new generation   total 18432K, used 17514K [0x04c00000, 0x06000000, 0x0f6a0000)
  eden space 16384K, 100% used [0x04c00000, 0x05c00000, 0x05c00000)
  from space 2048K,  55% used [0x05e00000, 0x05f1abc8, 0x06000000)
  to   space 2048K,   0% used [0x05c00000, 0x05c00000, 0x05e00000)
 concurrent mark-sweep generation total 64644K, used 57098K [0x0f6a0000, 0x135c1000, 0x24c00000)
 concurrent-mark-sweep perm gen total 65536K, used 55491K [0x24c00000, 0x28c00000, 0x28c00000)
Event: 1488.278 GC heap after
Heap after GC invocations=232 (full 16):
 par new generation   total 18432K, used 2048K [0x04c00000, 0x06000000, 0x0f6a0000)
  eden space 16384K,   0% used [0x04c00000, 0x04c00000, 0x05c00000)
  from space 2048K, 100% used [0x05c00000, 0x05e00000, 0x05e00000)
  to   space 2048K,   0% used [0x05e00000, 0x05e00000, 0x06000000)
 concurrent mark-sweep generation total 64644K, used 57645K [0x0f6a0000, 0x135c1000, 0x24c00000)
 concurrent-mark-sweep perm gen total 65536K, used 55491K [0x24c00000, 0x28c00000, 0x28c00000)
}
Event: 1501.343 GC heap before
{Heap before GC invocations=232 (full 16):
 par new generation   total 18432K, used 18432K [0x04c00000, 0x06000000, 0x0f6a0000)
  eden space 16384K, 100% used [0x04c00000, 0x05c00000, 0x05c00000)
  from space 2048K, 100% used [0x05c00000, 0x05e00000, 0x05e00000)
  to   space 2048K,   0% used [0x05e00000, 0x05e00000, 0x06000000)
 concurrent mark-sweep generation total 64644K, used 57645K [0x0f6a0000, 0x135c1000, 0x24c00000)
 concurrent-mark-sweep perm gen total 65536K, used 55532K [0x24c00000, 0x28c00000, 0x28c00000)
Event: 1501.347 GC heap after
Heap after GC invocations=233 (full 16):
 par new generation   total 18432K, used 1778K [0x04c00000, 0x06000000, 0x0f6a0000)
  eden space 16384K,   0% used [0x04c00000, 0x04c00000, 0x05c00000)
  from space 2048K,  86% used [0x05e00000, 0x05fbcbb8, 0x06000000)
  to   space 2048K,   0% used [0x05c00000, 0x05c00000, 0x05e00000)
 concurrent mark-sweep generation total 64644K, used 59576K [0x0f6a0000, 0x135c1000, 0x24c00000)
 concurrent-mark-sweep perm gen total 65536K, used 55532K [0x24c00000, 0x28c00000, 0x28c00000)
}

