# JRE version: Java(TM) SE Runtime Environment (7.0_71-b14) (build 1.7.0_71-b14)
# Java VM: Java HotSpot(TM) Client VM (24.71-b01 mixed mode windows-x86 )
Heap
 par new generation   total 18432K, used 3711K [0x04a00000, 0x05e00000, 0x0f4a0000)
  eden space 16384K,  15% used [0x04a00000, 0x04c67490, 0x05a00000)
  from space 2048K,  61% used [0x05a00000, 0x05b38ae8, 0x05c00000)
  to   space 2048K,   0% used [0x05c00000, 0x05c00000, 0x05e00000)
 concurrent mark-sweep generation total 60692K, used 49042K [0x0f4a0000, 0x12fe5000, 0x24a00000)
 concurrent-mark-sweep perm gen total 65536K, used 49917K [0x24a00000, 0x28a00000, 0x28a00000)
GC Heap History (10 events):
Event: 4862.761 GC heap before
{Heap before GC invocations=149 (full 10):
 par new generation   total 18432K, used 18432K [0x04a00000, 0x05e00000, 0x0f4a0000)
  eden space 16384K, 100% used [0x04a00000, 0x05a00000, 0x05a00000)
  from space 2048K, 100% used [0x05c00000, 0x05e00000, 0x05e00000)
  to   space 2048K,   0% used [0x05a00000, 0x05a00000, 0x05c00000)
 concurrent mark-sweep generation total 60692K, used 43556K [0x0f4a0000, 0x12fe5000, 0x24a00000)
 concurrent-mark-sweep perm gen total 65536K, used 49329K [0x24a00000, 0x28a00000, 0x28a00000)
Event: 4862.763 GC heap after
Heap after GC invocations=150 (full 10):
 par new generation   total 18432K, used 2047K [0x04a00000, 0x05e00000, 0x0f4a0000)
  eden space 16384K,   0% used [0x04a00000, 0x04a00000, 0x05a00000)
  from space 2048K,  99% used [0x05a00000, 0x05bffff8, 0x05c00000)
  to   space 2048K,   0% used [0x05c00000, 0x05c00000, 0x05e00000)
 concurrent mark-sweep generation total 60692K, used 43656K [0x0f4a0000, 0x12fe5000, 0x24a00000)
 concurrent-mark-sweep perm gen total 65536K, used 49329K [0x24a00000, 0x28a00000, 0x28a00000)
}
Event: 4864.122 GC heap before
{Heap before GC invocations=150 (full 10):
 par new generation   total 18432K, used 18431K [0x04a00000, 0x05e00000, 0x0f4a0000)
  eden space 16384K, 100% used [0x04a00000, 0x05a00000, 0x05a00000)
  from space 2048K,  99% used [0x05a00000, 0x05bffff8, 0x05c00000)
  to   space 2048K,   0% used [0x05c00000, 0x05c00000, 0x05e00000)
 concurrent mark-sweep generation total 60692K, used 43656K [0x0f4a0000, 0x12fe5000, 0x24a00000)
 concurrent-mark-sweep perm gen total 65536K, used 49522K [0x24a00000, 0x28a00000, 0x28a00000)
Event: 4864.125 GC heap after
Heap after GC invocations=151 (full 10):
 par new generation   total 18432K, used 2048K [0x04a00000, 0x05e00000, 0x0f4a0000)
  eden space 16384K,   0% used [0x04a00000, 0x04a00000, 0x05a00000)
  from space 2048K, 100% used [0x05c00000, 0x05e00000, 0x05e00000)
  to   space 2048K,   0% used [0x05a00000, 0x05a00000, 0x05c00000)
 concurrent mark-sweep generation total 60692K, used 45027K [0x0f4a0000, 0x12fe5000, 0x24a00000)
 concurrent-mark-sweep perm gen total 65536K, used 49522K [0x24a00000, 0x28a00000, 0x28a00000)
}
Event: 4865.142 GC heap before
{Heap before GC invocations=151 (full 10):
 par new generation   total 18432K, used 18432K [0x04a00000, 0x05e00000, 0x0f4a0000)
  eden space 16384K, 100% used [0x04a00000, 0x05a00000, 0x05a00000)
  from space 2048K, 100% used [0x05c00000, 0x05e00000, 0x05e00000)
  to   space 2048K,   0% used [0x05a00000, 0x05a00000, 0x05c00000)
 concurrent mark-sweep generation total 60692K, used 45027K [0x0f4a0000, 0x12fe5000, 0x24a00000)
 concurrent-mark-sweep perm gen total 65536K, used 49534K [0x24a00000, 0x28a00000, 0x28a00000)
Event: 4865.146 GC heap after
Heap after GC invocations=152 (full 10):
 par new generation   total 18432K, used 2048K [0x04a00000, 0x05e00000, 0x0f4a0000)
  eden space 16384K,   0% used [0x04a00000, 0x04a00000, 0x05a00000)
  from space 2048K, 100% used [0x05a00000, 0x05c00000, 0x05c00000)
  to   space 2048K,   0% used [0x05c00000, 0x05c00000, 0x05e00000)
 concurrent mark-sweep generation total 60692K, used 47267K [0x0f4a0000, 0x12fe5000, 0x24a00000)
 concurrent-mark-sweep perm gen total 65536K, used 49534K [0x24a00000, 0x28a00000, 0x28a00000)
}
Event: 4891.121 GC heap before
{Heap before GC invocations=152 (full 10):
 par new generation   total 18432K, used 18432K [0x04a00000, 0x05e00000, 0x0f4a0000)
  eden space 16384K, 100% used [0x04a00000, 0x05a00000, 0x05a00000)
  from space 2048K, 100% used [0x05a00000, 0x05c00000, 0x05c00000)
  to   space 2048K,   0% used [0x05c00000, 0x05c00000, 0x05e00000)
 concurrent mark-sweep generation total 60692K, used 47267K [0x0f4a0000, 0x12fe5000, 0x24a00000)
 concurrent-mark-sweep perm gen total 65536K, used 49576K [0x24a00000, 0x28a00000, 0x28a00000)
Event: 4891.124 GC heap after
Heap after GC invocations=153 (full 10):
 par new generation   total 18432K, used 1734K [0x04a00000, 0x05e00000, 0x0f4a0000)
  eden space 16384K,   0% used [0x04a00000, 0x04a00000, 0x05a00000)
  from space 2048K,  84% used [0x05c00000, 0x05db1aa0, 0x05e00000)
  to   space 2048K,   0% used [0x05a00000, 0x05a00000, 0x05c00000)
 concurrent mark-sweep generation total 60692K, used 49042K [0x0f4a0000, 0x12fe5000, 0x24a00000)
 concurrent-mark-sweep perm gen total 65536K, used 49576K [0x24a00000, 0x28a00000, 0x28a00000)
}
Event: 4891.864 GC heap before
{Heap before GC invocations=153 (full 10):
 par new generation   total 18432K, used 18118K [0x04a00000, 0x05e00000, 0x0f4a0000)
  eden space 16384K, 100% used [0x04a00000, 0x05a00000, 0x05a00000)
  from space 2048K,  84% used [0x05c00000, 0x05db1aa0, 0x05e00000)
  to   space 2048K,   0% used [0x05a00000, 0x05a00000, 0x05c00000)
 concurrent mark-sweep generation total 60692K, used 49042K [0x0f4a0000, 0x12fe5000, 0x24a00000)
 concurrent-mark-sweep perm gen total 65536K, used 49794K [0x24a00000, 0x28a00000, 0x28a00000)
Event: 4891.866 GC heap after
Heap after GC invocations=154 (full 10):
 par new generation   total 18432K, used 1250K [0x04a00000, 0x05e00000, 0x0f4a0000)
  eden space 16384K,   0% used [0x04a00000, 0x04a00000, 0x05a00000)
  from space 2048K,  61% used [0x05a00000, 0x05b38ae8, 0x05c00000)
  to   space 2048K,   0% used [0x05c00000, 0x05c00000, 0x05e00000)
 concurrent mark-sweep generation total 60692K, used 49042K [0x0f4a0000, 0x12fe5000, 0x24a00000)
 concurrent-mark-sweep perm gen total 65536K, used 49794K [0x24a00000, 0x28a00000, 0x28a00000)
}

