# JRE version: Java(TM) SE Runtime Environment (7.0_71-b14) (build 1.7.0_71-b14)
# Java VM: Java HotSpot(TM) Client VM (24.71-b01 mixed mode windows-x86 )
Heap
 par new generation   total 18432K, used 4639K [0x04a00000, 0x05e00000, 0x0f4a0000)
  eden space 16384K,  18% used [0x04a00000, 0x04cf2cc8, 0x05a00000)
  from space 2048K,  79% used [0x05a00000, 0x05b95290, 0x05c00000)
  to   space 2048K,   0% used [0x05c00000, 0x05c00000, 0x05e00000)
 concurrent mark-sweep generation total 76040K, used 47964K [0x0f4a0000, 0x13ee2000, 0x24a00000)
 concurrent-mark-sweep perm gen total 65536K, used 46136K [0x24a00000, 0x28a00000, 0x28a00000)
GC Heap History (10 events):
Event: 711.387 GC heap before
{Heap before GC invocations=71 (full 16):
 par new generation   total 18432K, used 18432K [0x04a00000, 0x05e00000, 0x0f4a0000)
  eden space 16384K, 100% used [0x04a00000, 0x05a00000, 0x05a00000)
  from space 2048K, 100% used [0x05c00000, 0x05e00000, 0x05e00000)
  to   space 2048K,   0% used [0x05a00000, 0x05a00000, 0x05c00000)
 concurrent mark-sweep generation total 73560K, used 36777K [0x0f4a0000, 0x13c76000, 0x24a00000)
 concurrent-mark-sweep perm gen total 65536K, used 42555K [0x24a00000, 0x28a00000, 0x28a00000)
Event: 711.396 GC heap after
Heap after GC invocations=72 (full 16):
 par new generation   total 18432K, used 2048K [0x04a00000, 0x05e00000, 0x0f4a0000)
  eden space 16384K,   0% used [0x04a00000, 0x04a00000, 0x05a00000)
  from space 2048K, 100% used [0x05a00000, 0x05c00000, 0x05c00000)
  to   space 2048K,   0% used [0x05c00000, 0x05c00000, 0x05e00000)
 concurrent mark-sweep generation total 73560K, used 42683K [0x0f4a0000, 0x13c76000, 0x24a00000)
 concurrent-mark-sweep perm gen total 65536K, used 42555K [0x24a00000, 0x28a00000, 0x28a00000)
}
Event: 787.389 GC heap before
{Heap before GC invocations=72 (full 16):
 par new generation   total 18432K, used 17974K [0x04a00000, 0x05e00000, 0x0f4a0000)
  eden space 16384K,  97% used [0x04a00000, 0x0598d8b8, 0x05a00000)
  from space 2048K, 100% used [0x05a00000, 0x05c00000, 0x05c00000)
  to   space 2048K,   0% used [0x05c00000, 0x05c00000, 0x05e00000)
 concurrent mark-sweep generation total 73560K, used 42683K [0x0f4a0000, 0x13c76000, 0x24a00000)
 concurrent-mark-sweep perm gen total 65536K, used 45135K [0x24a00000, 0x28a00000, 0x28a00000)
Event: 787.392 GC heap after
Heap after GC invocations=73 (full 16):
 par new generation   total 18432K, used 2048K [0x04a00000, 0x05e00000, 0x0f4a0000)
  eden space 16384K,   0% used [0x04a00000, 0x04a00000, 0x05a00000)
  from space 2048K, 100% used [0x05c00000, 0x05e00000, 0x05e00000)
  to   space 2048K,   0% used [0x05a00000, 0x05a00000, 0x05c00000)
 concurrent mark-sweep generation total 73560K, used 44933K [0x0f4a0000, 0x13c76000, 0x24a00000)
 concurrent-mark-sweep perm gen total 65536K, used 45135K [0x24a00000, 0x28a00000, 0x28a00000)
}
Event: 817.264 GC heap before
{Heap before GC invocations=73 (full 16):
 par new generation   total 18432K, used 18432K [0x04a00000, 0x05e00000, 0x0f4a0000)
  eden space 16384K, 100% used [0x04a00000, 0x05a00000, 0x05a00000)
  from space 2048K, 100% used [0x05c00000, 0x05e00000, 0x05e00000)
  to   space 2048K,   0% used [0x05a00000, 0x05a00000, 0x05c00000)
 concurrent mark-sweep generation total 73560K, used 44933K [0x0f4a0000, 0x13c76000, 0x24a00000)
 concurrent-mark-sweep perm gen total 65536K, used 45633K [0x24a00000, 0x28a00000, 0x28a00000)
Event: 817.267 GC heap after
Heap after GC invocations=74 (full 16):
 par new generation   total 18432K, used 1586K [0x04a00000, 0x05e00000, 0x0f4a0000)
  eden space 16384K,   0% used [0x04a00000, 0x04a00000, 0x05a00000)
  from space 2048K,  77% used [0x05a00000, 0x05b8c888, 0x05c00000)
  to   space 2048K,   0% used [0x05c00000, 0x05c00000, 0x05e00000)
 concurrent mark-sweep generation total 76040K, used 47411K [0x0f4a0000, 0x13ee2000, 0x24a00000)
 concurrent-mark-sweep perm gen total 65536K, used 45633K [0x24a00000, 0x28a00000, 0x28a00000)
}
Event: 823.347 GC heap before
{Heap before GC invocations=74 (full 16):
 par new generation   total 18432K, used 17970K [0x04a00000, 0x05e00000, 0x0f4a0000)
  eden space 16384K, 100% used [0x04a00000, 0x05a00000, 0x05a00000)
  from space 2048K,  77% used [0x05a00000, 0x05b8c888, 0x05c00000)
  to   space 2048K,   0% used [0x05c00000, 0x05c00000, 0x05e00000)
 concurrent mark-sweep generation total 76040K, used 47411K [0x0f4a0000, 0x13ee2000, 0x24a00000)
 concurrent-mark-sweep perm gen total 65536K, used 45684K [0x24a00000, 0x28a00000, 0x28a00000)
Event: 823.350 GC heap after
Heap after GC invocations=75 (full 16):
 par new generation   total 18432K, used 1293K [0x04a00000, 0x05e00000, 0x0f4a0000)
  eden space 16384K,   0% used [0x04a00000, 0x04a00000, 0x05a00000)
  from space 2048K,  63% used [0x05c00000, 0x05d43620, 0x05e00000)
  to   space 2048K,   0% used [0x05a00000, 0x05a00000, 0x05c00000)
 concurrent mark-sweep generation total 76040K, used 47964K [0x0f4a0000, 0x13ee2000, 0x24a00000)
 concurrent-mark-sweep perm gen total 65536K, used 45684K [0x24a00000, 0x28a00000, 0x28a00000)
}
Event: 824.081 GC heap before
{Heap before GC invocations=75 (full 16):
 par new generation   total 18432K, used 17677K [0x04a00000, 0x05e00000, 0x0f4a0000)
  eden space 16384K, 100% used [0x04a00000, 0x05a00000, 0x05a00000)
  from space 2048K,  63% used [0x05c00000, 0x05d43620, 0x05e00000)
  to   space 2048K,   0% used [0x05a00000, 0x05a00000, 0x05c00000)
 concurrent mark-sweep generation total 76040K, used 47964K [0x0f4a0000, 0x13ee2000, 0x24a00000)
 concurrent-mark-sweep perm gen total 65536K, used 45995K [0x24a00000, 0x28a00000, 0x28a00000)
Event: 824.083 GC heap after
Heap after GC invocations=76 (full 16):
 par new generation   total 18432K, used 1620K [0x04a00000, 0x05e00000, 0x0f4a0000)
  eden space 16384K,   0% used [0x04a00000, 0x04a00000, 0x05a00000)
  from space 2048K,  79% used [0x05a00000, 0x05b95290, 0x05c00000)
  to   space 2048K,   0% used [0x05c00000, 0x05c00000, 0x05e00000)
 concurrent mark-sweep generation total 76040K, used 47964K [0x0f4a0000, 0x13ee2000, 0x24a00000)
 concurrent-mark-sweep perm gen total 65536K, used 45995K [0x24a00000, 0x28a00000, 0x28a00000)
}

