# JRE version: Java(TM) SE Runtime Environment (7.0_71-b14) (build 1.7.0_71-b14)
# Java VM: Java HotSpot(TM) Client VM (24.71-b01 mixed mode windows-x86 )
Heap
 par new generation   total 29184K, used 733K [0x04c00000, 0x06ba0000, 0x0f6a0000)
  eden space 25984K,   2% used [0x04c00000, 0x04cb7480, 0x06560000)
  from space 3200K,   0% used [0x06880000, 0x06880000, 0x06ba0000)
  to   space 3200K,   0% used [0x06560000, 0x06560000, 0x06880000)
 concurrent mark-sweep generation total 64468K, used 25439K [0x0f6a0000, 0x13595000, 0x24c00000)
 concurrent-mark-sweep perm gen total 65536K, used 65528K [0x24c00000, 0x28c00000, 0x28c00000)
GC Heap History (10 events):
Event: 441.352 GC heap before
{Heap before GC invocations=155 (full 63):
 par new generation   total 29184K, used 14982K [0x04c00000, 0x06ba0000, 0x0f6a0000)
  eden space 25984K,  45% used [0x04c00000, 0x05781830, 0x06560000)
  from space 3200K, 100% used [0x06880000, 0x06ba0000, 0x06ba0000)
  to   space 3200K,   0% used [0x06560000, 0x06560000, 0x06880000)
 concurrent mark-sweep generation total 64468K, used 31916K [0x0f6a0000, 0x13595000, 0x24c00000)
 concurrent-mark-sweep perm gen total 65536K, used 65535K [0x24c00000, 0x28c00000, 0x28c00000)
Event: 441.567 GC heap after
Heap after GC invocations=156 (full 64):
 par new generation   total 29184K, used 0K [0x04c00000, 0x06ba0000, 0x0f6a0000)
  eden space 25984K,   0% used [0x04c00000, 0x04c00000, 0x06560000)
  from space 3200K,   0% used [0x06880000, 0x06880000, 0x06ba0000)
  to   space 3200K,   0% used [0x06560000, 0x06560000, 0x06880000)
 concurrent mark-sweep generation total 64468K, used 26630K [0x0f6a0000, 0x13595000, 0x24c00000)
 concurrent-mark-sweep perm gen total 65536K, used 65535K [0x24c00000, 0x28c00000, 0x28c00000)
}
Event: 441.567 GC heap before
{Heap before GC invocations=156 (full 64):
 par new generation   total 29184K, used 0K [0x04c00000, 0x06ba0000, 0x0f6a0000)
  eden space 25984K,   0% used [0x04c00000, 0x04c00000, 0x06560000)
  from space 3200K,   0% used [0x06880000, 0x06880000, 0x06ba0000)
  to   space 3200K,   0% used [0x06560000, 0x06560000, 0x06880000)
 concurrent mark-sweep generation total 64468K, used 26630K [0x0f6a0000, 0x13595000, 0x24c00000)
 concurrent-mark-sweep perm gen total 65536K, used 65535K [0x24c00000, 0x28c00000, 0x28c00000)
Event: 441.727 GC heap after
Heap after GC invocations=157 (full 65):
 par new generation   total 29184K, used 0K [0x04c00000, 0x06ba0000, 0x0f6a0000)
  eden space 25984K,   0% used [0x04c00000, 0x04c00000, 0x06560000)
  from space 3200K,   0% used [0x06880000, 0x06880000, 0x06ba0000)
  to   space 3200K,   0% used [0x06560000, 0x06560000, 0x06880000)
 concurrent mark-sweep generation total 64468K, used 25801K [0x0f6a0000, 0x13595000, 0x24c00000)
 concurrent-mark-sweep perm gen total 65536K, used 65532K [0x24c00000, 0x28c00000, 0x28c00000)
}
Event: 441.729 GC heap before
{Heap before GC invocations=157 (full 66):
 par new generation   total 29184K, used 2K [0x04c00000, 0x06ba0000, 0x0f6a0000)
  eden space 25984K,   0% used [0x04c00000, 0x04c00800, 0x06560000)
  from space 3200K,   0% used [0x06880000, 0x06880000, 0x06ba0000)
  to   space 3200K,   0% used [0x06560000, 0x06560000, 0x06880000)
 concurrent mark-sweep generation total 64468K, used 25801K [0x0f6a0000, 0x13595000, 0x24c00000)
 concurrent-mark-sweep perm gen total 65536K, used 65535K [0x24c00000, 0x28c00000, 0x28c00000)
Event: 441.940 GC heap after
Heap after GC invocations=158 (full 67):
 par new generation   total 29184K, used 0K [0x04c00000, 0x06ba0000, 0x0f6a0000)
  eden space 25984K,   0% used [0x04c00000, 0x04c00000, 0x06560000)
  from space 3200K,   0% used [0x06880000, 0x06880000, 0x06ba0000)
  to   space 3200K,   0% used [0x06560000, 0x06560000, 0x06880000)
 concurrent mark-sweep generation total 64468K, used 25800K [0x0f6a0000, 0x13595000, 0x24c00000)
 concurrent-mark-sweep perm gen total 65536K, used 65535K [0x24c00000, 0x28c00000, 0x28c00000)
}
Event: 441.940 GC heap before
{Heap before GC invocations=158 (full 67):
 par new generation   total 29184K, used 15K [0x04c00000, 0x06ba0000, 0x0f6a0000)
  eden space 25984K,   0% used [0x04c00000, 0x04c03cb8, 0x06560000)
  from space 3200K,   0% used [0x06880000, 0x06880000, 0x06ba0000)
  to   space 3200K,   0% used [0x06560000, 0x06560000, 0x06880000)
 concurrent mark-sweep generation total 64468K, used 25800K [0x0f6a0000, 0x13595000, 0x24c00000)
 concurrent-mark-sweep perm gen total 65536K, used 65535K [0x24c00000, 0x28c00000, 0x28c00000)
Event: 442.093 GC heap after
Heap after GC invocations=159 (full 68):
 par new generation   total 29184K, used 0K [0x04c00000, 0x06ba0000, 0x0f6a0000)
  eden space 25984K,   0% used [0x04c00000, 0x04c00000, 0x06560000)
  from space 3200K,   0% used [0x06880000, 0x06880000, 0x06ba0000)
  to   space 3200K,   0% used [0x06560000, 0x06560000, 0x06880000)
 concurrent mark-sweep generation total 64468K, used 25800K [0x0f6a0000, 0x13595000, 0x24c00000)
 concurrent-mark-sweep perm gen total 65536K, used 65535K [0x24c00000, 0x28c00000, 0x28c00000)
}
Event: 442.096 GC heap before
{Heap before GC invocations=159 (full 69):
 par new generation   total 29184K, used 515K [0x04c00000, 0x06ba0000, 0x0f6a0000)
  eden space 25984K,   1% used [0x04c00000, 0x04c80f30, 0x06560000)
  from space 3200K,   0% used [0x06880000, 0x06880000, 0x06ba0000)
  to   space 3200K,   0% used [0x06560000, 0x06560000, 0x06880000)
 concurrent mark-sweep generation total 64468K, used 25800K [0x0f6a0000, 0x13595000, 0x24c00000)
 concurrent-mark-sweep perm gen total 65536K, used 65535K [0x24c00000, 0x28c00000, 0x28c00000)
Event: 442.293 GC heap after
Heap after GC invocations=160 (full 70):
 par new generation   total 29184K, used 0K [0x04c00000, 0x06ba0000, 0x0f6a0000)
  eden space 25984K,   0% used [0x04c00000, 0x04c00000, 0x06560000)
  from space 3200K,   0% used [0x06880000, 0x06880000, 0x06ba0000)
  to   space 3200K,   0% used [0x06560000, 0x06560000, 0x06880000)
 concurrent mark-sweep generation total 64468K, used 25439K [0x0f6a0000, 0x13595000, 0x24c00000)
 concurrent-mark-sweep perm gen total 65536K, used 65523K [0x24c00000, 0x28c00000, 0x28c00000)
}

