# JRE version: Java(TM) SE Runtime Environment (7.0_71-b14) (build 1.7.0_71-b14)
# Java VM: Java HotSpot(TM) Client VM (24.71-b01 mixed mode windows-x86 )
Heap
 par new generation   total 18432K, used 7299K [0x04c00000, 0x06000000, 0x0f6a0000)
  eden space 16384K,  39% used [0x04c00000, 0x05265ce8, 0x05c00000)
  from space 2048K,  36% used [0x05e00000, 0x05ebb200, 0x06000000)
  to   space 2048K,   0% used [0x05c00000, 0x05c00000, 0x05e00000)
 concurrent mark-sweep generation total 90060K, used 30901K [0x0f6a0000, 0x14e93000, 0x24c00000)
 concurrent-mark-sweep perm gen total 65536K, used 47708K [0x24c00000, 0x28c00000, 0x28c00000)
GC Heap History (10 events):
Event: 51.131 GC heap before
{Heap before GC invocations=28 (full 4):
 par new generation   total 18432K, used 18432K [0x04c00000, 0x06000000, 0x0f6a0000)
  eden space 16384K, 100% used [0x04c00000, 0x05c00000, 0x05c00000)
  from space 2048K, 100% used [0x05c00000, 0x05e00000, 0x05e00000)
  to   space 2048K,   0% used [0x05e00000, 0x05e00000, 0x06000000)
 concurrent mark-sweep generation total 90060K, used 74839K [0x0f6a0000, 0x14e93000, 0x24c00000)
 concurrent-mark-sweep perm gen total 65536K, used 44357K [0x24c00000, 0x28c00000, 0x28c00000)
Event: 51.137 GC heap after
Heap after GC invocations=29 (full 4):
 par new generation   total 18432K, used 2048K [0x04c00000, 0x06000000, 0x0f6a0000)
  eden space 16384K,   0% used [0x04c00000, 0x04c00000, 0x05c00000)
  from space 2048K, 100% used [0x05e00000, 0x06000000, 0x06000000)
  to   space 2048K,   0% used [0x05c00000, 0x05c00000, 0x05e00000)
 concurrent mark-sweep generation total 90060K, used 78842K [0x0f6a0000, 0x14e93000, 0x24c00000)
 concurrent-mark-sweep perm gen total 65536K, used 44357K [0x24c00000, 0x28c00000, 0x28c00000)
}
Event: 51.366 GC heap before
{Heap before GC invocations=29 (full 5):
 par new generation   total 18432K, used 18432K [0x04c00000, 0x06000000, 0x0f6a0000)
  eden space 16384K, 100% used [0x04c00000, 0x05c00000, 0x05c00000)
  from space 2048K, 100% used [0x05e00000, 0x06000000, 0x06000000)
  to   space 2048K,   0% used [0x05c00000, 0x05c00000, 0x05e00000)
 concurrent mark-sweep generation total 90060K, used 78842K [0x0f6a0000, 0x14e93000, 0x24c00000)
 concurrent-mark-sweep perm gen total 65536K, used 45170K [0x24c00000, 0x28c00000, 0x28c00000)
Event: 51.370 GC heap after
Heap after GC invocations=30 (full 5):
 par new generation   total 18432K, used 2048K [0x04c00000, 0x06000000, 0x0f6a0000)
  eden space 16384K,   0% used [0x04c00000, 0x04c00000, 0x05c00000)
  from space 2048K, 100% used [0x05c00000, 0x05e00000, 0x05e00000)
  to   space 2048K,   0% used [0x05e00000, 0x05e00000, 0x06000000)
 concurrent mark-sweep generation total 90060K, used 81814K [0x0f6a0000, 0x14e93000, 0x24c00000)
 concurrent-mark-sweep perm gen total 65536K, used 45170K [0x24c00000, 0x28c00000, 0x28c00000)
}
Event: 55.446 GC heap before
{Heap before GC invocations=30 (full 5):
 par new generation   total 18432K, used 18432K [0x04c00000, 0x06000000, 0x0f6a0000)
  eden space 16384K, 100% used [0x04c00000, 0x05c00000, 0x05c00000)
  from space 2048K, 100% used [0x05c00000, 0x05e00000, 0x05e00000)
  to   space 2048K,   0% used [0x05e00000, 0x05e00000, 0x06000000)
 concurrent mark-sweep generation total 90060K, used 28222K [0x0f6a0000, 0x14e93000, 0x24c00000)
 concurrent-mark-sweep perm gen total 65536K, used 45513K [0x24c00000, 0x28c00000, 0x28c00000)
Event: 55.448 GC heap after
Heap after GC invocations=31 (full 5):
 par new generation   total 18432K, used 2048K [0x04c00000, 0x06000000, 0x0f6a0000)
  eden space 16384K,   0% used [0x04c00000, 0x04c00000, 0x05c00000)
  from space 2048K, 100% used [0x05e00000, 0x06000000, 0x06000000)
  to   space 2048K,   0% used [0x05c00000, 0x05c00000, 0x05e00000)
 concurrent mark-sweep generation total 90060K, used 28260K [0x0f6a0000, 0x14e93000, 0x24c00000)
 concurrent-mark-sweep perm gen total 65536K, used 45513K [0x24c00000, 0x28c00000, 0x28c00000)
}
Event: 60.236 GC heap before
{Heap before GC invocations=31 (full 5):
 par new generation   total 18432K, used 18432K [0x04c00000, 0x06000000, 0x0f6a0000)
  eden space 16384K, 100% used [0x04c00000, 0x05c00000, 0x05c00000)
  from space 2048K, 100% used [0x05e00000, 0x06000000, 0x06000000)
  to   space 2048K,   0% used [0x05c00000, 0x05c00000, 0x05e00000)
 concurrent mark-sweep generation total 90060K, used 28260K [0x0f6a0000, 0x14e93000, 0x24c00000)
 concurrent-mark-sweep perm gen total 65536K, used 47188K [0x24c00000, 0x28c00000, 0x28c00000)
Event: 60.240 GC heap after
Heap after GC invocations=32 (full 5):
 par new generation   total 18432K, used 2048K [0x04c00000, 0x06000000, 0x0f6a0000)
  eden space 16384K,   0% used [0x04c00000, 0x04c00000, 0x05c00000)
  from space 2048K, 100% used [0x05c00000, 0x05e00000, 0x05e00000)
  to   space 2048K,   0% used [0x05e00000, 0x05e00000, 0x06000000)
 concurrent mark-sweep generation total 90060K, used 30431K [0x0f6a0000, 0x14e93000, 0x24c00000)
 concurrent-mark-sweep perm gen total 65536K, used 47188K [0x24c00000, 0x28c00000, 0x28c00000)
}
Event: 77.822 GC heap before
{Heap before GC invocations=32 (full 5):
 par new generation   total 18432K, used 18432K [0x04c00000, 0x06000000, 0x0f6a0000)
  eden space 16384K, 100% used [0x04c00000, 0x05c00000, 0x05c00000)
  from space 2048K, 100% used [0x05c00000, 0x05e00000, 0x05e00000)
  to   space 2048K,   0% used [0x05e00000, 0x05e00000, 0x06000000)
 concurrent mark-sweep generation total 90060K, used 30431K [0x0f6a0000, 0x14e93000, 0x24c00000)
 concurrent-mark-sweep perm gen total 65536K, used 47328K [0x24c00000, 0x28c00000, 0x28c00000)
Event: 77.824 GC heap after
Heap after GC invocations=33 (full 5):
 par new generation   total 18432K, used 748K [0x04c00000, 0x06000000, 0x0f6a0000)
  eden space 16384K,   0% used [0x04c00000, 0x04c00000, 0x05c00000)
  from space 2048K,  36% used [0x05e00000, 0x05ebb200, 0x06000000)
  to   space 2048K,   0% used [0x05c00000, 0x05c00000, 0x05e00000)
 concurrent mark-sweep generation total 90060K, used 30901K [0x0f6a0000, 0x14e93000, 0x24c00000)
 concurrent-mark-sweep perm gen total 65536K, used 47328K [0x24c00000, 0x28c00000, 0x28c00000)
}

